Traceback (most recent call last):
  File "C:\Users\HariharaM12\PycharmProjects\rag_proj\.venv\Lib\site-packages\langchain\_api\module_import.py", line 69, in import_by_name
    module = importlib.import_module(new_module)
  File "C:\Program Files\WindowsApps\PythonSoftwareFoundation.Python.3.13_3.13.1008.0_x64__qbz5n2kfra8p0\Lib\importlib\__init__.py", line 88, in import_module
    return _bootstrap._gcd_import(name[level:], package, level)
           ~~~~~~~~~~~~~~~~~~~~~~^^^^^^^^^^^^^^^^^^^^^^^^^^^^^^
  File "<frozen importlib._bootstrap>", line 1387, in _gcd_import
  File "<frozen importlib._bootstrap>", line 1360, in _find_and_load
  File "<frozen importlib._bootstrap>", line 1310, in _find_and_load_unlocked
  File "<frozen importlib._bootstrap>", line 488, in _call_with_frames_removed
  File "<frozen importlib._bootstrap>", line 1387, in _gcd_import
  File "<frozen importlib._bootstrap>", line 1360, in _find_and_load
  File "<frozen importlib._bootstrap>", line 1324, in _find_and_load_unlocked
ModuleNotFoundError: No module named 'langchain_community'

The above exception was the direct cause of the following exception:

Traceback (most recent call last):
  File "C:\Users\HariharaM12\PycharmProjects\rag_proj\vector_db.py", line 5, in <module>
    from langchain.vectorstores import FAISS
  File "C:\Users\HariharaM12\PycharmProjects\rag_proj\.venv\Lib\site-packages\langchain\vectorstores\__init__.py", line 186, in __getattr__
    return _import_attribute(name)
  File "C:\Users\HariharaM12\PycharmProjects\rag_proj\.venv\Lib\site-packages\langchain\_api\module_import.py", line 72, in import_by_name
    raise ModuleNotFoundError(
    ...<3 lines>...
    ) from e
ModuleNotFoundError: Module langchain_community.vectorstores not found. Please install langchain-community to access this module. You can install it using `pip install -U langchain-community`

